#-----------------------------------------------------------
# Vivado v2020.2 (64-bit)
# SW Build 3064766 on Wed Nov 18 09:12:45 MST 2020
# IP Build 3064653 on Wed Nov 18 14:17:31 MST 2020
# Start of session at: Sat Jun 15 14:16:15 2024
# Process ID: 4780
# Current directory: C:/Rosenheim/DiTe/Vivado/DiTe_PStA_1
# Command line: vivado.exe -gui_launcher_event rodinguilauncherevent3056 C:\Rosenheim\DiTe\Vivado\DiTe_PStA_1\DiTe_PStA_1.xpr
# Log file: C:/Rosenheim/DiTe/Vivado/DiTe_PStA_1/vivado.log
# Journal file: C:/Rosenheim/DiTe/Vivado/DiTe_PStA_1\vivado.jou
#-----------------------------------------------------------
start_gui
open_project C:/Rosenheim/DiTe/Vivado/DiTe_PStA_1/DiTe_PStA_1.xpr
Scanning sources...
Finished scanning sources
INFO: [IP_Flow 19-234] Refreshing IP repositories
INFO: [IP_Flow 19-1704] No user IP repositories specified
INFO: [IP_Flow 19-2313] Loaded Vivado IP repository 'C:/Xilinx/Vivado/2020.2/data/ip'.
open_project: Time (s): cpu = 00:00:08 ; elapsed = 00:00:13 . Memory (MB): peak = 1086.527 ; gain = 0.000
update_compile_order -fileset sources_1
reset_run synth_1
launch_runs synth_1 -jobs 6
[Sat Jun 15 14:17:35 2024] Launched synth_1...
Run output will be captured here: C:/Rosenheim/DiTe/Vivado/DiTe_PStA_1/DiTe_PStA_1.runs/synth_1/runme.log
open_run synth_1 -name synth_1
Design is defaulting to impl run constrset: constrs_1
Design is defaulting to synth run part: xc7s15ftgb196-1
INFO: [Device 21-403] Loading part xc7s15ftgb196-1
Netlist sorting complete. Time (s): cpu = 00:00:00 ; elapsed = 00:00:00.001 . Memory (MB): peak = 1255.469 ; gain = 0.000
INFO: [Project 1-479] Netlist was created with Vivado 2020.2
INFO: [Project 1-570] Preparing netlist for logic optimization
Parsing XDC File [C:/Rosenheim/DiTe/Vivado/DiTe_PStA_1/DiTe_PStA_1.srcs/constrs_1/new/zeahler_constr.xdc]
Finished Parsing XDC File [C:/Rosenheim/DiTe/Vivado/DiTe_PStA_1/DiTe_PStA_1.srcs/constrs_1/new/zeahler_constr.xdc]
INFO: [Opt 31-138] Pushed 0 inverter(s) to 0 load pin(s).
Netlist sorting complete. Time (s): cpu = 00:00:00 ; elapsed = 00:00:00 . Memory (MB): peak = 1331.988 ; gain = 0.000
INFO: [Project 1-111] Unisim Transformation Summary:
No Unisim elements were transformed.

open_run: Time (s): cpu = 00:00:17 ; elapsed = 00:00:15 . Memory (MB): peak = 1457.426 ; gain = 370.898
exit
INFO: [Common 17-206] Exiting Vivado at Sat Jun 15 14:24:39 2024...
