#-----------------------------------------------------------
# Vivado v2020.2 (64-bit)
# SW Build 3064766 on Wed Nov 18 09:12:45 MST 2020
# IP Build 3064653 on Wed Nov 18 14:17:31 MST 2020
# Start of session at: Sun Jun 16 14:36:21 2024
# Process ID: 16824
# Current directory: C:/Rosenheim/DiTe/Vivado/DiTe_PStA_1
# Command line: vivado.exe -gui_launcher_event rodinguilauncherevent12268 C:\Rosenheim\DiTe\Vivado\DiTe_PStA_1\DiTe_PStA_1.xpr
# Log file: C:/Rosenheim/DiTe/Vivado/DiTe_PStA_1/vivado.log
# Journal file: C:/Rosenheim/DiTe/Vivado/DiTe_PStA_1\vivado.jou
#-----------------------------------------------------------
start_gui
open_project C:/Rosenheim/DiTe/Vivado/DiTe_PStA_1/DiTe_PStA_1.xpr
Scanning sources...
Finished scanning sources
INFO: [IP_Flow 19-234] Refreshing IP repositories
INFO: [IP_Flow 19-1704] No user IP repositories specified
INFO: [IP_Flow 19-2313] Loaded Vivado IP repository 'C:/Xilinx/Vivado/2020.2/data/ip'.
open_project: Time (s): cpu = 00:00:12 ; elapsed = 00:00:08 . Memory (MB): peak = 1088.574 ; gain = 0.000
update_compile_order -fileset sources_1
exit
INFO: [Common 17-206] Exiting Vivado at Sun Jun 16 14:37:02 2024...
