#-----------------------------------------------------------
# Vivado v2020.2 (64-bit)
# SW Build 3064766 on Wed Nov 18 09:12:45 MST 2020
# IP Build 3064653 on Wed Nov 18 14:17:31 MST 2020
# Start of session at: Mon Aug 26 12:09:07 2024
# Process ID: 4636
# Current directory: C:/Users/Alsomex/Documents/GitHub/Austausch/DiTe_PStA_1 - V 1.2
# Command line: vivado.exe -gui_launcher_event rodinguilauncherevent9052 C:\Users\Alsomex\Documents\GitHub\Austausch\DiTe_PStA_1 - V 1.2\DiTe_PStA_1.xpr
# Log file: C:/Users/Alsomex/Documents/GitHub/Austausch/DiTe_PStA_1 - V 1.2/vivado.log
# Journal file: C:/Users/Alsomex/Documents/GitHub/Austausch/DiTe_PStA_1 - V 1.2\vivado.jou
#-----------------------------------------------------------
start_gui
open_project {C:/Users/Alsomex/Documents/GitHub/Austausch/DiTe_PStA_1 - V 1.2/DiTe_PStA_1.xpr}
INFO: [Project 1-313] Project file moved from 'C:/Vivado_projects/DiTe/Vivado/DiTe_PStA_1' since last save.
Scanning sources...
Finished scanning sources
INFO: [IP_Flow 19-234] Refreshing IP repositories
INFO: [IP_Flow 19-1704] No user IP repositories specified
INFO: [IP_Flow 19-2313] Loaded Vivado IP repository 'C:/Xilinx/Vivado/2020.2/data/ip'.
open_project: Time (s): cpu = 00:00:13 ; elapsed = 00:00:08 . Memory (MB): peak = 1105.660 ; gain = 0.000
update_compile_order -fileset sources_1
exit
INFO: [Common 17-206] Exiting Vivado at Mon Aug 26 12:11:06 2024...
